2021-09-05 23:39:00,453 INFO c.s.l.Main [main] hi
2021-09-05 23:39:00,460 INFO c.s.l.d.p.Threads [Thread9] %s started... 

2021-09-05 23:39:00,460 INFO c.s.l.d.p.Threads [Thread2] %s started... 

2021-09-05 23:39:00,460 INFO c.s.l.d.p.Threads [Thread1] %s started... 

2021-09-05 23:39:00,460 INFO c.s.l.d.p.Threads [Thread4] %s started... 

2021-09-05 23:39:00,460 INFO c.s.l.d.p.Threads [Thread3] %s started... 

2021-09-05 23:39:00,460 INFO c.s.l.d.p.Threads [Thread8] %s started... 

2021-09-05 23:39:00,460 INFO c.s.l.d.p.Threads [Thread7] %s started... 

2021-09-05 23:39:00,460 INFO c.s.l.d.p.Threads [Thread5] %s started... 

2021-09-05 23:39:00,460 INFO c.s.l.d.p.Threads [Thread6] %s started... 

2021-09-05 23:39:00,461 INFO c.s.l.d.p.ConnectionPool [Thread9] TimeOut
2021-09-05 23:39:00,481 INFO c.s.l.d.p.ConnectionPool [Thread6] TimeOut
2021-09-05 23:39:00,501 INFO c.s.l.d.p.ConnectionPool [Thread5] TimeOut
2021-09-05 23:39:00,521 INFO c.s.l.d.p.ConnectionPool [Thread3] TimeOut
2021-09-05 23:39:00,541 INFO c.s.l.d.p.ConnectionPool [Thread2] TimeOut
2021-09-05 23:39:00,561 INFO c.s.l.d.p.ConnectionPool [Thread1] TimeOut
2021-09-05 23:39:00,561 INFO c.s.l.d.p.Threads [Thread2] %s fiished... 

2021-09-05 23:39:00,581 INFO c.s.l.d.p.ConnectionPool [Thread8] TimeOut
2021-09-05 23:39:00,581 INFO c.s.l.d.p.Threads [Thread1] %s fiished... 

2021-09-05 23:39:00,601 INFO c.s.l.d.p.Threads [Thread8] %s fiished... 

2021-09-05 23:39:00,601 INFO c.s.l.d.p.ConnectionPool [Thread7] TimeOut
2021-09-05 23:39:00,621 INFO c.s.l.d.p.Threads [Thread7] %s fiished... 

2021-09-05 23:39:00,621 INFO c.s.l.d.p.ConnectionPool [Thread4] TimeOut
2021-09-05 23:39:00,641 INFO c.s.l.d.p.Threads [Thread3] %s fiished... 

2021-09-05 23:39:00,641 INFO c.s.l.d.p.Threads [Thread6] %s fiished... 

2021-09-05 23:39:00,641 INFO c.s.l.d.p.Threads [Thread4] %s fiished... 

2021-09-05 23:39:00,641 INFO c.s.l.d.p.Threads [Thread5] %s fiished... 

2021-09-05 23:39:00,641 INFO c.s.l.d.p.Threads [Thread9] %s fiished... 

2021-09-05 23:50:57,205 INFO c.s.l.Main [main] hi
2021-09-05 23:50:57,212 INFO c.s.l.d.p.Threads [Thread7] %s started... 

2021-09-05 23:50:57,212 INFO c.s.l.d.p.Threads [Thread8] %s started... 

2021-09-05 23:50:57,211 INFO c.s.l.d.p.Threads [Thread3] %s started... 

2021-09-05 23:50:57,212 INFO c.s.l.d.p.Threads [Thread1] %s started... 

2021-09-05 23:50:57,211 INFO c.s.l.d.p.Threads [Thread2] %s started... 

2021-09-05 23:50:57,211 INFO c.s.l.d.p.Threads [Thread9] %s started... 

2021-09-05 23:50:57,211 INFO c.s.l.d.p.Threads [Thread4] %s started... 

2021-09-05 23:50:57,211 INFO c.s.l.d.p.Threads [Thread6] %s started... 

2021-09-05 23:50:57,212 INFO c.s.l.d.p.Threads [Thread5] %s started... 

2021-09-05 23:50:57,219 INFO c.s.l.d.p.ConnectionPool [Thread6] TimeOut
2021-09-05 23:50:57,239 INFO c.s.l.d.p.ConnectionPool [Thread8] TimeOut
2021-09-05 23:50:57,259 INFO c.s.l.d.p.Threads [Thread8] %s fiished... 

2021-09-05 23:50:57,259 INFO c.s.l.d.p.ConnectionPool [Thread5] TimeOut
2021-09-05 23:50:57,279 INFO c.s.l.d.p.ConnectionPool [Thread2] TimeOut
2021-09-05 23:50:57,299 INFO c.s.l.d.p.Threads [Thread2] %s fiished... 

2021-09-05 23:50:57,299 INFO c.s.l.d.p.ConnectionPool [Thread9] TimeOut
2021-09-05 23:50:57,319 INFO c.s.l.d.p.ConnectionPool [Thread7] TimeOut
2021-09-05 23:50:57,319 INFO c.s.l.d.p.Threads [Thread9] %s fiished... 

2021-09-05 23:50:57,339 INFO c.s.l.d.p.ConnectionPool [Thread4] TimeOut
2021-09-05 23:50:57,339 INFO c.s.l.d.p.Threads [Thread7] %s fiished... 

2021-09-05 23:50:57,359 INFO c.s.l.d.p.Threads [Thread4] %s fiished... 

2021-09-05 23:50:57,359 INFO c.s.l.d.p.ConnectionPool [Thread1] TimeOut
2021-09-05 23:50:57,379 INFO c.s.l.d.p.Threads [Thread1] %s fiished... 

2021-09-05 23:50:57,379 INFO c.s.l.d.p.ConnectionPool [Thread3] TimeOut
2021-09-05 23:50:57,399 INFO c.s.l.d.p.Threads [Thread3] %s fiished... 

2021-09-05 23:50:57,399 INFO c.s.l.d.p.Threads [Thread5] %s fiished... 

2021-09-05 23:50:57,399 INFO c.s.l.d.p.Threads [Thread6] %s fiished... 

2021-09-06 00:12:57,759 INFO c.s.l.Main [main] hi
2021-09-06 00:12:57,767 INFO c.s.l.d.p.Threads [Thread2] %s started... 

2021-09-06 00:12:57,767 INFO c.s.l.d.p.Threads [Thread4] %s started... 

2021-09-06 00:12:57,767 INFO c.s.l.d.p.Threads [Thread3] %s started... 

2021-09-06 00:12:57,768 INFO c.s.l.d.p.Threads [Thread8] %s started... 

2021-09-06 00:12:57,768 INFO c.s.l.d.p.Threads [Thread5] %s started... 

2021-09-06 00:12:57,768 INFO c.s.l.d.p.Threads [Thread1] %s started... 

2021-09-06 00:12:57,767 INFO c.s.l.d.p.Threads [Thread7] %s started... 

2021-09-06 00:12:57,767 INFO c.s.l.d.p.Threads [Thread6] %s started... 

2021-09-06 00:12:57,767 INFO c.s.l.d.p.Threads [Thread9] %s started... 

2021-09-06 00:12:57,775 INFO c.s.l.d.p.ConnectionPool [Thread2] TimeOut
2021-09-06 00:12:57,795 INFO c.s.l.d.p.ConnectionPool [Thread4] TimeOut
2021-09-06 00:12:57,816 INFO c.s.l.d.p.ConnectionPool [Thread8] TimeOut
2021-09-06 00:12:57,836 INFO c.s.l.d.p.ConnectionPool [Thread5] TimeOut
2021-09-06 00:12:57,856 INFO c.s.l.d.p.ConnectionPool [Thread1] TimeOut
2021-09-06 00:12:57,876 INFO c.s.l.d.p.ConnectionPool [Thread3] TimeOut
2021-09-06 00:12:57,906 INFO c.s.l.d.p.ConnectionPool [Thread7] TimeOut
2021-09-06 00:12:57,936 INFO c.s.l.d.p.ConnectionPool [Thread6] TimeOut
2021-09-06 00:12:57,966 INFO c.s.l.d.p.ConnectionPool [Thread9] TimeOut
2021-09-06 00:13:59,387 INFO c.s.l.Main [main] hi
2021-09-06 00:13:59,394 INFO c.s.l.d.p.Threads [Thread6] %s started... 

2021-09-06 00:13:59,394 INFO c.s.l.d.p.Threads [Thread4] %s started... 

2021-09-06 00:13:59,394 INFO c.s.l.d.p.Threads [Thread5] %s started... 

2021-09-06 00:13:59,394 INFO c.s.l.d.p.Threads [Thread7] %s started... 

2021-09-06 00:13:59,394 INFO c.s.l.d.p.Threads [Thread9] %s started... 

2021-09-06 00:13:59,394 INFO c.s.l.d.p.Threads [Thread8] %s started... 

2021-09-06 00:13:59,394 INFO c.s.l.d.p.Threads [Thread3] %s started... 

2021-09-06 00:13:59,394 INFO c.s.l.d.p.Threads [Thread1] %s started... 

2021-09-06 00:13:59,394 INFO c.s.l.d.p.Threads [Thread2] %s started... 

2021-09-06 00:13:59,400 INFO c.s.l.d.p.ConnectionPool [Thread4] TimeOut
2021-09-06 00:13:59,420 INFO c.s.l.d.p.Threads [Thread4] %s fiished... 

2021-09-06 00:13:59,420 INFO c.s.l.d.p.ConnectionPool [Thread2] TimeOut
2021-09-06 00:13:59,440 INFO c.s.l.d.p.Threads [Thread2] %s fiished... 

2021-09-06 00:13:59,440 INFO c.s.l.d.p.ConnectionPool [Thread8] TimeOut
2021-09-06 00:13:59,460 INFO c.s.l.d.p.ConnectionPool [Thread3] TimeOut
2021-09-06 00:13:59,460 INFO c.s.l.d.p.Threads [Thread8] %s fiished... 

2021-09-06 00:13:59,480 INFO c.s.l.d.p.Threads [Thread3] %s fiished... 

2021-09-06 00:13:59,480 INFO c.s.l.d.p.ConnectionPool [Thread9] TimeOut
2021-09-06 00:13:59,501 INFO c.s.l.d.p.ConnectionPool [Thread7] TimeOut
2021-09-06 00:13:59,501 INFO c.s.l.d.p.Threads [Thread9] %s fiished... 

2021-09-06 00:13:59,531 INFO c.s.l.d.p.Threads [Thread7] %s fiished... 

2021-09-06 00:13:59,531 INFO c.s.l.d.p.ConnectionPool [Thread6] TimeOut
2021-09-06 00:13:59,562 INFO c.s.l.d.p.Threads [Thread6] %s fiished... 

2021-09-06 00:13:59,562 INFO c.s.l.d.p.ConnectionPool [Thread5] TimeOut
2021-09-06 00:13:59,592 INFO c.s.l.d.p.Threads [Thread5] %s fiished... 

2021-09-06 00:13:59,592 INFO c.s.l.d.p.ConnectionPool [Thread1] TimeOut
2021-09-06 00:13:59,622 INFO c.s.l.d.p.Threads [Thread1] %s fiished... 

2021-09-06 00:14:35,554 INFO c.s.l.Main [main] hi
2021-09-06 00:14:35,562 INFO c.s.l.d.p.Threads [Thread2] %s started... 

2021-09-06 00:14:35,562 INFO c.s.l.d.p.Threads [Thread8] %s started... 

2021-09-06 00:14:35,562 INFO c.s.l.d.p.Threads [Thread1] %s started... 

2021-09-06 00:14:35,562 INFO c.s.l.d.p.Threads [Thread9] %s started... 

2021-09-06 00:14:35,562 INFO c.s.l.d.p.Threads [Thread6] %s started... 

2021-09-06 00:14:35,562 INFO c.s.l.d.p.Threads [Thread5] %s started... 

2021-09-06 00:14:35,562 INFO c.s.l.d.p.Threads [Thread3] %s started... 

2021-09-06 00:14:35,562 INFO c.s.l.d.p.Threads [Thread4] %s started... 

2021-09-06 00:14:35,562 INFO c.s.l.d.p.Threads [Thread7] %s started... 

2021-09-06 00:14:35,585 INFO c.s.l.d.p.ConnectionPool [Thread8] TimeOut
2021-09-06 00:14:35,605 INFO c.s.l.d.p.Threads [Thread8] %s fiished... 

2021-09-06 00:14:35,605 INFO c.s.l.d.p.ConnectionPool [Thread7] TimeOut
2021-09-06 00:14:35,625 INFO c.s.l.d.p.ConnectionPool [Thread3] TimeOut
2021-09-06 00:14:35,625 INFO c.s.l.d.p.Threads [Thread7] %s fiished... 

2021-09-06 00:14:35,645 INFO c.s.l.d.p.Threads [Thread3] %s fiished... 

2021-09-06 00:14:35,645 INFO c.s.l.d.p.ConnectionPool [Thread4] TimeOut
2021-09-06 00:14:35,665 INFO c.s.l.d.p.Threads [Thread4] %s fiished... 

2021-09-06 00:14:35,665 INFO c.s.l.d.p.ConnectionPool [Thread5] TimeOut
2021-09-06 00:14:35,686 INFO c.s.l.d.p.Threads [Thread5] %s fiished... 

2021-09-06 00:14:35,686 INFO c.s.l.d.p.ConnectionPool [Thread6] TimeOut
2021-09-06 00:14:35,716 INFO c.s.l.d.p.ConnectionPool [Thread9] TimeOut
2021-09-06 00:14:35,716 INFO c.s.l.d.p.Threads [Thread6] %s fiished... 

2021-09-06 00:14:35,746 INFO c.s.l.d.p.Threads [Thread9] %s fiished... 

2021-09-06 00:14:35,746 INFO c.s.l.d.p.ConnectionPool [Thread2] TimeOut
2021-09-06 00:14:35,776 INFO c.s.l.d.p.ConnectionPool [Thread1] TimeOut
2021-09-06 00:14:35,776 INFO c.s.l.d.p.Threads [Thread2] %s fiished... 

2021-09-06 00:14:35,806 INFO c.s.l.d.p.Threads [Thread1] %s fiished... 

2021-09-06 00:16:09,835 INFO c.s.l.Main [main] hi
2021-09-06 00:16:09,845 INFO c.s.l.d.p.Threads [Thread9] %s started... 

2021-09-06 00:16:09,845 INFO c.s.l.d.p.Threads [Thread6] %s started... 

2021-09-06 00:16:09,845 INFO c.s.l.d.p.Threads [Thread3] %s started... 

2021-09-06 00:16:09,845 INFO c.s.l.d.p.Threads [Thread5] %s started... 

2021-09-06 00:16:09,845 INFO c.s.l.d.p.Threads [Thread1] %s started... 

2021-09-06 00:16:09,845 INFO c.s.l.d.p.Threads [Thread2] %s started... 

2021-09-06 00:16:09,846 INFO c.s.l.d.p.Threads [Thread4] %s started... 

2021-09-06 00:16:09,846 INFO c.s.l.d.p.Threads [Thread8] %s started... 

2021-09-06 00:16:09,846 INFO c.s.l.d.p.Threads [Thread7] %s started... 

2021-09-06 00:16:09,855 INFO c.s.l.d.p.ConnectionPool [Thread2] TimeOut
2021-09-06 00:16:09,876 INFO c.s.l.d.p.Threads [Thread2] %s fiished... 

2021-09-06 00:16:09,876 INFO c.s.l.d.p.ConnectionPool [Thread7] TimeOut
2021-09-06 00:16:09,896 INFO c.s.l.d.p.ConnectionPool [Thread3] TimeOut
2021-09-06 00:16:09,896 INFO c.s.l.d.p.Threads [Thread7] %s fiished... 

2021-09-06 00:16:09,916 INFO c.s.l.d.p.Threads [Thread3] %s fiished... 

2021-09-06 00:16:09,916 INFO c.s.l.d.p.ConnectionPool [Thread1] TimeOut
2021-09-06 00:16:09,936 INFO c.s.l.d.p.ConnectionPool [Thread6] TimeOut
2021-09-06 00:16:09,936 INFO c.s.l.d.p.Threads [Thread1] %s fiished... 

2021-09-06 00:16:09,956 INFO c.s.l.d.p.Threads [Thread6] %s fiished... 

2021-09-06 00:16:23,988 INFO c.s.l.d.p.ConnectionPool [Thread5] TimeOut
2021-09-06 00:16:24,020 INFO c.s.l.d.p.Threads [Thread5] %s fiished... 

2021-09-06 00:16:24,020 INFO c.s.l.d.p.ConnectionPool [Thread8] TimeOut
2021-09-06 00:16:24,050 INFO c.s.l.d.p.ConnectionPool [Thread4] TimeOut
2021-09-06 00:16:24,050 INFO c.s.l.d.p.Threads [Thread8] %s fiished... 

2021-09-06 00:16:26,681 INFO c.s.l.Main [main] hi
2021-09-06 00:16:26,688 INFO c.s.l.d.p.Threads [Thread6] %s started... 

2021-09-06 00:16:26,688 INFO c.s.l.d.p.Threads [Thread9] %s started... 

2021-09-06 00:16:26,688 INFO c.s.l.d.p.Threads [Thread3] %s started... 

2021-09-06 00:16:26,688 INFO c.s.l.d.p.Threads [Thread2] %s started... 

2021-09-06 00:16:26,688 INFO c.s.l.d.p.Threads [Thread5] %s started... 

2021-09-06 00:16:26,688 INFO c.s.l.d.p.Threads [Thread7] %s started... 

2021-09-06 00:16:26,688 INFO c.s.l.d.p.Threads [Thread1] %s started... 

2021-09-06 00:16:26,688 INFO c.s.l.d.p.Threads [Thread8] %s started... 

2021-09-06 00:16:26,688 INFO c.s.l.d.p.Threads [Thread4] %s started... 

2021-09-06 00:16:26,697 INFO c.s.l.d.p.ConnectionPool [Thread9] TimeOut
2021-09-06 00:16:26,717 INFO c.s.l.d.p.ConnectionPool [Thread3] TimeOut
2021-09-06 00:16:26,717 INFO c.s.l.d.p.Threads [Thread9] %s fiished... 

2021-09-06 00:16:26,737 INFO c.s.l.d.p.Threads [Thread3] %s fiished... 

2021-09-06 00:16:26,737 INFO c.s.l.d.p.ConnectionPool [Thread6] TimeOut
2021-09-06 00:16:26,757 INFO c.s.l.d.p.Threads [Thread6] %s fiished... 

2021-09-06 00:16:26,757 INFO c.s.l.d.p.ConnectionPool [Thread7] TimeOut
2021-09-06 00:16:26,777 INFO c.s.l.d.p.ConnectionPool [Thread2] TimeOut
2021-09-06 00:16:26,777 INFO c.s.l.d.p.Threads [Thread7] %s fiished... 

2021-09-06 00:16:26,797 INFO c.s.l.d.p.Threads [Thread2] %s fiished... 

2021-09-06 00:16:26,797 INFO c.s.l.d.p.ConnectionPool [Thread5] TimeOut
2021-09-06 00:16:26,827 INFO c.s.l.d.p.ConnectionPool [Thread8] TimeOut
2021-09-06 00:16:26,827 INFO c.s.l.d.p.Threads [Thread5] %s fiished... 

2021-09-06 00:16:26,857 INFO c.s.l.d.p.Threads [Thread8] %s fiished... 

2021-09-06 00:16:26,857 INFO c.s.l.d.p.ConnectionPool [Thread4] TimeOut
2021-09-06 00:16:26,887 INFO c.s.l.d.p.Threads [Thread4] %s fiished... 

2021-09-06 00:16:26,887 INFO c.s.l.d.p.ConnectionPool [Thread1] TimeOut
2021-09-06 00:16:26,917 INFO c.s.l.d.p.Threads [Thread1] %s fiished... 

2021-09-06 00:19:55,291 INFO c.s.l.Main [main] hi
2021-09-06 00:19:55,297 INFO c.s.l.d.p.Threads [Thread4] %s started... 

2021-09-06 00:19:55,298 INFO c.s.l.d.p.Threads [Thread7] %s started... 

2021-09-06 00:19:55,298 INFO c.s.l.d.p.Threads [Thread6] %s started... 

2021-09-06 00:19:55,297 INFO c.s.l.d.p.Threads [Thread2] %s started... 

2021-09-06 00:19:55,298 INFO c.s.l.d.p.Threads [Thread3] %s started... 

2021-09-06 00:19:55,297 INFO c.s.l.d.p.Threads [Thread1] %s started... 

2021-09-06 00:19:55,297 INFO c.s.l.d.p.Threads [Thread9] %s started... 

2021-09-06 00:19:55,297 INFO c.s.l.d.p.Threads [Thread5] %s started... 

2021-09-06 00:19:55,297 INFO c.s.l.d.p.Threads [Thread8] %s started... 

2021-09-06 00:19:55,303 INFO c.s.l.d.p.ConnectionPool [Thread7] Driver add successfully
2021-09-06 00:19:55,303 INFO c.s.l.d.p.ConnectionPool [Thread7] TimeOut
2021-09-06 00:19:55,324 INFO c.s.l.d.p.ConnectionPool [Thread3] TimeOut
2021-09-06 00:19:55,324 INFO c.s.l.d.p.Threads [Thread7] %s fiished... 

2021-09-06 00:19:55,344 INFO c.s.l.d.p.Threads [Thread3] %s fiished... 

2021-09-06 00:19:55,344 INFO c.s.l.d.p.ConnectionPool [Thread9] TimeOut
2021-09-06 00:19:55,364 INFO c.s.l.d.p.Threads [Thread9] %s fiished... 

2021-09-06 00:19:55,364 INFO c.s.l.d.p.ConnectionPool [Thread6] TimeOut
2021-09-06 00:19:55,384 INFO c.s.l.d.p.ConnectionPool [Thread8] TimeOut
2021-09-06 00:19:55,384 INFO c.s.l.d.p.Threads [Thread6] %s fiished... 

2021-09-06 00:19:55,404 INFO c.s.l.d.p.Threads [Thread8] %s fiished... 

2021-09-06 00:19:55,404 INFO c.s.l.d.p.ConnectionPool [Thread2] TimeOut
2021-09-06 00:19:55,434 INFO c.s.l.d.p.ConnectionPool [Thread4] TimeOut
2021-09-06 00:19:55,434 INFO c.s.l.d.p.Threads [Thread2] %s fiished... 

2021-09-06 00:19:55,464 INFO c.s.l.d.p.ConnectionPool [Thread1] TimeOut
2021-09-06 00:19:55,464 INFO c.s.l.d.p.Threads [Thread4] %s fiished... 

2021-09-06 00:19:55,494 INFO c.s.l.d.p.Threads [Thread1] %s fiished... 

2021-09-06 00:19:55,494 INFO c.s.l.d.p.ConnectionPool [Thread5] TimeOut
2021-09-06 00:19:55,524 INFO c.s.l.d.p.Threads [Thread5] %s fiished... 

2021-09-06 00:21:05,217 INFO c.s.l.Main [main] hi
2021-09-06 00:21:05,222 INFO c.s.l.d.p.Threads [Thread2] Thread2-s started... 

2021-09-06 00:21:05,222 INFO c.s.l.d.p.Threads [Thread3] Thread3-s started... 

2021-09-06 00:21:05,222 INFO c.s.l.d.p.Threads [Thread8] Thread8-s started... 

2021-09-06 00:21:05,222 INFO c.s.l.d.p.Threads [Thread4] Thread4-s started... 

2021-09-06 00:21:05,223 INFO c.s.l.d.p.Threads [Thread7] Thread7-s started... 

2021-09-06 00:21:05,222 INFO c.s.l.d.p.Threads [Thread1] Thread1-s started... 

2021-09-06 00:21:05,223 INFO c.s.l.d.p.Threads [Thread9] Thread9-s started... 

2021-09-06 00:21:05,223 INFO c.s.l.d.p.Threads [Thread5] Thread5-s started... 

2021-09-06 00:21:05,223 INFO c.s.l.d.p.Threads [Thread6] Thread6-s started... 

2021-09-06 00:21:05,229 INFO c.s.l.d.p.ConnectionPool [Thread3] Driver add successfully
2021-09-06 00:21:05,229 INFO c.s.l.d.p.ConnectionPool [Thread3] TimeOut
2021-09-06 00:21:05,249 INFO c.s.l.d.p.ConnectionPool [Thread5] TimeOut
2021-09-06 00:21:05,249 INFO c.s.l.d.p.Threads [Thread3] Thread3-s fiished... 

2021-09-06 00:21:05,269 INFO c.s.l.d.p.Threads [Thread5] Thread5-s fiished... 

2021-09-06 00:21:05,269 INFO c.s.l.d.p.ConnectionPool [Thread9] TimeOut
2021-09-06 00:21:05,289 INFO c.s.l.d.p.Threads [Thread9] Thread9-s fiished... 

2021-09-06 00:21:05,289 INFO c.s.l.d.p.ConnectionPool [Thread2] TimeOut
2021-09-06 00:21:05,309 INFO c.s.l.d.p.ConnectionPool [Thread1] TimeOut
2021-09-06 00:21:05,309 INFO c.s.l.d.p.Threads [Thread2] Thread2-s fiished... 

2021-09-06 00:21:05,329 INFO c.s.l.d.p.Threads [Thread1] Thread1-s fiished... 

2021-09-06 00:21:05,329 INFO c.s.l.d.p.ConnectionPool [Thread8] TimeOut
2021-09-06 00:21:05,359 INFO c.s.l.d.p.ConnectionPool [Thread7] TimeOut
2021-09-06 00:21:05,359 INFO c.s.l.d.p.Threads [Thread8] Thread8-s fiished... 

2021-09-06 00:21:05,389 INFO c.s.l.d.p.ConnectionPool [Thread6] TimeOut
2021-09-06 00:21:05,389 INFO c.s.l.d.p.Threads [Thread7] Thread7-s fiished... 

2021-09-06 00:21:05,419 INFO c.s.l.d.p.Threads [Thread6] Thread6-s fiished... 

2021-09-06 00:21:05,419 INFO c.s.l.d.p.ConnectionPool [Thread4] TimeOut
2021-09-06 00:21:05,449 INFO c.s.l.d.p.Threads [Thread4] Thread4-s fiished... 

2021-09-06 00:21:20,864 INFO c.s.l.Main [main] hi
2021-09-06 00:21:20,868 INFO c.s.l.d.p.Threads [Thread1] Thread1-s started... 

2021-09-06 00:21:20,868 INFO c.s.l.d.p.Threads [Thread2] Thread2-s started... 

2021-09-06 00:21:20,868 INFO c.s.l.d.p.Threads [Thread3] Thread3-s started... 

2021-09-06 00:21:20,869 INFO c.s.l.d.p.Threads [Thread5] Thread5-s started... 

2021-09-06 00:21:20,869 INFO c.s.l.d.p.Threads [Thread8] Thread8-s started... 

2021-09-06 00:21:20,868 INFO c.s.l.d.p.Threads [Thread4] Thread4-s started... 

2021-09-06 00:21:20,869 INFO c.s.l.d.p.Threads [Thread9] Thread9-s started... 

2021-09-06 00:21:20,869 INFO c.s.l.d.p.Threads [Thread7] Thread7-s started... 

2021-09-06 00:21:20,869 INFO c.s.l.d.p.Threads [Thread6] Thread6-s started... 

2021-09-06 00:21:20,878 INFO c.s.l.d.p.ConnectionPool [Thread1] Driver add successfully
2021-09-06 00:21:20,879 INFO c.s.l.d.p.ConnectionPool [Thread1] TimeOut
2021-09-06 00:21:22,879 INFO c.s.l.d.p.ConnectionPool [Thread6] TimeOut
2021-09-06 00:21:22,879 INFO c.s.l.d.p.Threads [Thread1] Thread1-s fiished... 

2021-09-06 00:21:24,880 INFO c.s.l.d.p.ConnectionPool [Thread5] TimeOut
2021-09-06 00:21:24,880 INFO c.s.l.d.p.Threads [Thread6] Thread6-s fiished... 

2021-09-06 00:21:26,880 INFO c.s.l.d.p.Threads [Thread5] Thread5-s fiished... 

2021-09-06 00:21:26,880 INFO c.s.l.d.p.ConnectionPool [Thread8] TimeOut
2021-09-06 00:21:28,881 INFO c.s.l.d.p.ConnectionPool [Thread9] TimeOut
2021-09-06 00:21:28,881 INFO c.s.l.d.p.Threads [Thread8] Thread8-s fiished... 

2021-09-06 00:21:30,881 INFO c.s.l.d.p.ConnectionPool [Thread2] TimeOut
2021-09-06 00:21:30,881 INFO c.s.l.d.p.Threads [Thread9] Thread9-s fiished... 

2021-09-06 00:21:33,881 INFO c.s.l.d.p.ConnectionPool [Thread7] TimeOut
2021-09-06 00:21:33,881 INFO c.s.l.d.p.Threads [Thread2] Thread2-s fiished... 

2021-09-06 00:21:36,882 INFO c.s.l.d.p.Threads [Thread7] Thread7-s fiished... 

2021-09-06 00:21:36,882 INFO c.s.l.d.p.ConnectionPool [Thread4] TimeOut
2021-09-06 00:21:39,882 INFO c.s.l.d.p.Threads [Thread4] Thread4-s fiished... 

2021-09-06 00:21:39,882 INFO c.s.l.d.p.ConnectionPool [Thread3] TimeOut
2021-09-06 00:21:42,883 INFO c.s.l.d.p.Threads [Thread3] Thread3-s fiished... 

2021-09-06 00:30:49,150 INFO c.s.l.Main [main] hi
2021-09-06 00:30:49,154 ERROR c.s.l.u.ConfigUtils [main] Failed to load properties
java.io.FileNotFoundException: src\resources\app.properties (Системе не удается найти указанный путь)
	at java.io.FileInputStream.open0(Native Method) ~[?:?]
	at java.io.FileInputStream.open(FileInputStream.java:219) ~[?:?]
	at java.io.FileInputStream.<init>(FileInputStream.java:157) ~[?:?]
	at java.io.FileInputStream.<init>(FileInputStream.java:112) ~[?:?]
	at com.solvd.laba.utils.ConfigUtils.<clinit>(ConfigUtils.java:17) [classes/:?]
	at com.solvd.laba.Main.main(Main.java:13) [classes/:?]
2021-09-06 00:30:49,168 INFO c.s.l.Main [main] url = null
2021-09-06 00:30:49,170 INFO c.s.l.d.p.Threads [Thread2] Thread2-s started... 

2021-09-06 00:30:49,170 INFO c.s.l.d.p.Threads [Thread3] Thread3-s started... 

2021-09-06 00:30:49,171 INFO c.s.l.d.p.Threads [Thread5] Thread5-s started... 

2021-09-06 00:30:49,171 INFO c.s.l.d.p.Threads [Thread4] Thread4-s started... 

2021-09-06 00:30:49,171 INFO c.s.l.d.p.Threads [Thread6] Thread6-s started... 

2021-09-06 00:30:49,171 INFO c.s.l.d.p.Threads [Thread8] Thread8-s started... 

2021-09-06 00:30:49,170 INFO c.s.l.d.p.Threads [Thread1] Thread1-s started... 

2021-09-06 00:30:49,172 INFO c.s.l.d.p.Threads [Thread7] Thread7-s started... 

2021-09-06 00:30:49,172 INFO c.s.l.d.p.Threads [Thread9] Thread9-s started... 

2021-09-06 00:30:49,178 INFO c.s.l.d.p.ConnectionPool [Thread8] Driver add successfully
2021-09-06 00:30:49,179 INFO c.s.l.d.p.ConnectionPool [Thread8] TimeOut
2021-09-06 00:30:51,179 INFO c.s.l.d.p.ConnectionPool [Thread5] TimeOut
2021-09-06 00:30:51,179 INFO c.s.l.d.p.Threads [Thread8] Thread8-s fiished... 

2021-09-06 00:30:53,180 INFO c.s.l.d.p.ConnectionPool [Thread1] TimeOut
2021-09-06 00:30:53,180 INFO c.s.l.d.p.Threads [Thread5] Thread5-s fiished... 

2021-09-06 00:30:55,180 INFO c.s.l.d.p.ConnectionPool [Thread7] TimeOut
2021-09-06 00:30:55,180 INFO c.s.l.d.p.Threads [Thread1] Thread1-s fiished... 

2021-09-06 00:30:57,181 INFO c.s.l.d.p.Threads [Thread7] Thread7-s fiished... 

2021-09-06 00:30:57,181 INFO c.s.l.d.p.ConnectionPool [Thread3] TimeOut
2021-09-06 00:30:59,182 INFO c.s.l.d.p.ConnectionPool [Thread2] TimeOut
2021-09-06 00:30:59,182 INFO c.s.l.d.p.Threads [Thread3] Thread3-s fiished... 

2021-09-06 00:31:02,182 INFO c.s.l.d.p.Threads [Thread2] Thread2-s fiished... 

2021-09-06 00:31:02,182 INFO c.s.l.d.p.ConnectionPool [Thread9] TimeOut
2021-09-06 00:31:05,183 INFO c.s.l.d.p.ConnectionPool [Thread6] TimeOut
2021-09-06 00:31:05,183 INFO c.s.l.d.p.Threads [Thread9] Thread9-s fiished... 

2021-09-06 00:31:08,184 INFO c.s.l.d.p.Threads [Thread6] Thread6-s fiished... 

2021-09-06 00:31:08,184 INFO c.s.l.d.p.ConnectionPool [Thread4] TimeOut
2021-09-06 00:31:11,184 INFO c.s.l.d.p.Threads [Thread4] Thread4-s fiished... 

2021-09-06 00:31:37,395 INFO c.s.l.Main [main] hi
2021-09-06 00:31:37,401 INFO c.s.l.Main [main] url = jdbc:mysql://localhost/store?serverTimezone=Europe/Moscow&useSSL=false
2021-09-06 00:31:37,402 INFO c.s.l.d.p.Threads [Thread3] Thread3-s started... 

2021-09-06 00:31:37,402 INFO c.s.l.d.p.Threads [Thread4] Thread4-s started... 

2021-09-06 00:31:37,402 INFO c.s.l.d.p.Threads [Thread1] Thread1-s started... 

2021-09-06 00:31:37,402 INFO c.s.l.d.p.Threads [Thread2] Thread2-s started... 

2021-09-06 00:31:37,403 INFO c.s.l.d.p.Threads [Thread9] Thread9-s started... 

2021-09-06 00:31:37,403 INFO c.s.l.d.p.Threads [Thread7] Thread7-s started... 

2021-09-06 00:31:37,403 INFO c.s.l.d.p.Threads [Thread6] Thread6-s started... 

2021-09-06 00:31:37,403 INFO c.s.l.d.p.Threads [Thread8] Thread8-s started... 

2021-09-06 00:31:37,403 INFO c.s.l.d.p.Threads [Thread5] Thread5-s started... 

2021-09-06 00:31:37,408 INFO c.s.l.d.p.ConnectionPool [Thread3] Driver add successfully
2021-09-06 00:31:37,408 INFO c.s.l.d.p.ConnectionPool [Thread3] TimeOut
2021-09-06 00:31:39,409 INFO c.s.l.d.p.ConnectionPool [Thread6] TimeOut
2021-09-06 00:31:39,409 INFO c.s.l.d.p.Threads [Thread3] Thread3-s fiished... 

2021-09-06 00:31:41,410 INFO c.s.l.d.p.Threads [Thread6] Thread6-s fiished... 

2021-09-06 00:31:41,410 INFO c.s.l.d.p.ConnectionPool [Thread2] TimeOut
2021-09-06 00:31:43,411 INFO c.s.l.d.p.ConnectionPool [Thread9] TimeOut
2021-09-06 00:31:43,411 INFO c.s.l.d.p.Threads [Thread2] Thread2-s fiished... 

2021-09-06 00:31:45,411 INFO c.s.l.d.p.ConnectionPool [Thread8] TimeOut
2021-09-06 00:31:45,411 INFO c.s.l.d.p.Threads [Thread9] Thread9-s fiished... 

2021-09-06 00:31:47,412 INFO c.s.l.d.p.Threads [Thread8] Thread8-s fiished... 

2021-09-06 00:31:47,412 INFO c.s.l.d.p.ConnectionPool [Thread1] TimeOut
2021-09-06 00:31:50,413 INFO c.s.l.d.p.Threads [Thread1] Thread1-s fiished... 

2021-09-06 00:31:50,413 INFO c.s.l.d.p.ConnectionPool [Thread7] TimeOut
2021-09-06 00:31:53,413 INFO c.s.l.d.p.ConnectionPool [Thread4] TimeOut
2021-09-06 00:31:53,413 INFO c.s.l.d.p.Threads [Thread7] Thread7-s fiished... 

2021-09-06 00:31:56,414 INFO c.s.l.d.p.ConnectionPool [Thread5] TimeOut
2021-09-06 00:31:56,414 INFO c.s.l.d.p.Threads [Thread4] Thread4-s fiished... 

2021-09-06 00:31:59,415 INFO c.s.l.d.p.Threads [Thread5] Thread5-s fiished... 

2021-09-06 00:32:25,392 INFO c.s.l.Main [main] hi
2021-09-06 00:32:25,398 INFO c.s.l.Main [main] url = jdbc:mysql://localhost/store?serverTimezone=Europe/Moscow&useSSL=false
2021-09-06 00:32:25,398 INFO c.s.l.Main [main] +username
2021-09-06 00:32:25,398 INFO c.s.l.Main [main] password = Q123
2021-09-06 00:32:25,401 INFO c.s.l.d.p.Threads [Thread3] Thread3-s started... 

2021-09-06 00:32:25,402 INFO c.s.l.d.p.Threads [Thread5] Thread5-s started... 

2021-09-06 00:32:25,402 INFO c.s.l.d.p.Threads [Thread9] Thread9-s started... 

2021-09-06 00:32:25,402 INFO c.s.l.d.p.Threads [Thread2] Thread2-s started... 

2021-09-06 00:32:25,401 INFO c.s.l.d.p.Threads [Thread1] Thread1-s started... 

2021-09-06 00:32:25,402 INFO c.s.l.d.p.Threads [Thread6] Thread6-s started... 

2021-09-06 00:32:25,402 INFO c.s.l.d.p.Threads [Thread8] Thread8-s started... 

2021-09-06 00:32:25,401 INFO c.s.l.d.p.Threads [Thread4] Thread4-s started... 

2021-09-06 00:32:25,402 INFO c.s.l.d.p.Threads [Thread7] Thread7-s started... 

2021-09-06 00:32:25,411 INFO c.s.l.d.p.ConnectionPool [Thread3] Driver add successfully
2021-09-06 00:32:25,411 INFO c.s.l.d.p.ConnectionPool [Thread3] TimeOut
2021-09-06 00:32:27,412 INFO c.s.l.d.p.ConnectionPool [Thread2] TimeOut
2021-09-06 00:32:27,412 INFO c.s.l.d.p.Threads [Thread3] Thread3-s fiished... 

2021-09-06 00:32:29,413 INFO c.s.l.d.p.Threads [Thread2] Thread2-s fiished... 

2021-09-06 00:32:29,413 INFO c.s.l.d.p.ConnectionPool [Thread1] TimeOut
2021-09-06 00:32:31,413 INFO c.s.l.d.p.Threads [Thread1] Thread1-s fiished... 

2021-09-06 00:32:31,413 INFO c.s.l.d.p.ConnectionPool [Thread5] TimeOut
2021-09-06 00:32:33,414 INFO c.s.l.d.p.ConnectionPool [Thread6] TimeOut
2021-09-06 00:32:33,414 INFO c.s.l.d.p.Threads [Thread5] Thread5-s fiished... 

2021-09-06 00:32:35,414 INFO c.s.l.d.p.Threads [Thread6] Thread6-s fiished... 

2021-09-06 00:32:35,414 INFO c.s.l.d.p.ConnectionPool [Thread8] TimeOut
2021-09-06 00:32:38,415 INFO c.s.l.d.p.ConnectionPool [Thread4] TimeOut
2021-09-06 00:32:38,415 INFO c.s.l.d.p.Threads [Thread8] Thread8-s fiished... 

2021-09-06 00:32:41,415 INFO c.s.l.d.p.Threads [Thread4] Thread4-s fiished... 

2021-09-06 00:32:41,415 INFO c.s.l.d.p.ConnectionPool [Thread7] TimeOut
2021-09-06 00:32:44,416 INFO c.s.l.d.p.Threads [Thread7] Thread7-s fiished... 

2021-09-06 00:32:44,416 INFO c.s.l.d.p.ConnectionPool [Thread9] TimeOut
2021-09-06 00:32:47,416 INFO c.s.l.d.p.Threads [Thread9] Thread9-s fiished... 

2021-09-06 00:37:31,635 INFO c.s.l.Main [main] url = jdbc:mysql://localhost/store?serverTimezone=Europe/Moscow&useSSL=false
2021-09-06 00:37:31,639 INFO c.s.l.Main [main] username = root
2021-09-06 00:37:31,639 INFO c.s.l.Main [main] password = Q123
2021-09-06 00:37:31,640 INFO c.s.l.d.p.Threads [Thread4] Thread4-s started... 

2021-09-06 00:37:31,640 INFO c.s.l.d.p.Threads [Thread3] Thread3-s started... 

2021-09-06 00:37:31,640 INFO c.s.l.d.p.Threads [Thread2] Thread2-s started... 

2021-09-06 00:37:31,641 INFO c.s.l.d.p.Threads [Thread6] Thread6-s started... 

2021-09-06 00:37:31,641 INFO c.s.l.d.p.Threads [Thread9] Thread9-s started... 

2021-09-06 00:37:31,641 INFO c.s.l.d.p.Threads [Thread5] Thread5-s started... 

2021-09-06 00:37:31,641 INFO c.s.l.d.p.Threads [Thread8] Thread8-s started... 

2021-09-06 00:37:31,641 INFO c.s.l.d.p.Threads [Thread7] Thread7-s started... 

2021-09-06 00:37:31,640 INFO c.s.l.d.p.Threads [Thread1] Thread1-s started... 

2021-09-06 00:37:31,647 INFO c.s.l.d.p.ConnectionPool [Thread4] Driver add successfully
2021-09-06 00:37:31,647 INFO c.s.l.d.p.ConnectionPool [Thread4] TimeOut
2021-09-06 00:37:33,648 INFO c.s.l.d.p.ConnectionPool [Thread3] TimeOut
2021-09-06 00:37:33,648 INFO c.s.l.d.p.Threads [Thread4] Thread4-s fiished... 

2021-09-06 00:37:35,649 INFO c.s.l.d.p.Threads [Thread3] Thread3-s fiished... 

2021-09-06 00:37:35,649 INFO c.s.l.d.p.ConnectionPool [Thread1] TimeOut
2021-09-06 00:37:37,649 INFO c.s.l.d.p.ConnectionPool [Thread7] TimeOut
2021-09-06 00:37:37,649 INFO c.s.l.d.p.Threads [Thread1] Thread1-s fiished... 

2021-09-06 00:37:39,650 INFO c.s.l.d.p.ConnectionPool [Thread8] TimeOut
2021-09-06 00:37:39,650 INFO c.s.l.d.p.Threads [Thread7] Thread7-s fiished... 

2021-09-06 00:37:41,650 INFO c.s.l.d.p.Threads [Thread8] Thread8-s fiished... 

2021-09-06 00:37:41,650 INFO c.s.l.d.p.ConnectionPool [Thread5] TimeOut
2021-09-06 00:37:44,651 INFO c.s.l.d.p.ConnectionPool [Thread9] TimeOut
2021-09-06 00:37:44,651 INFO c.s.l.d.p.Threads [Thread5] Thread5-s fiished... 

2021-09-06 00:37:47,651 INFO c.s.l.d.p.ConnectionPool [Thread6] TimeOut
2021-09-06 00:37:47,651 INFO c.s.l.d.p.Threads [Thread9] Thread9-s fiished... 

2021-09-06 00:37:50,652 INFO c.s.l.d.p.ConnectionPool [Thread2] TimeOut
2021-09-06 00:37:50,652 INFO c.s.l.d.p.Threads [Thread6] Thread6-s fiished... 

2021-09-06 00:37:53,652 INFO c.s.l.d.p.Threads [Thread2] Thread2-s fiished... 

2021-09-06 01:17:19,912 INFO c.s.l.Main [main] url = jdbc:mysql://localhost/store?serverTimezone=Europe/Moscow&useSSL=false
2021-09-06 01:17:19,918 INFO c.s.l.Main [main] username = root
2021-09-06 01:17:19,918 INFO c.s.l.Main [main] password = Q123
2021-09-06 01:17:19,919 INFO c.s.l.d.p.Threads [Thread2] Thread2-s started... 

2021-09-06 01:17:19,920 INFO c.s.l.d.p.Threads [Thread9] Thread9-s started... 

2021-09-06 01:17:19,919 INFO c.s.l.d.p.Threads [Thread3] Thread3-s started... 

2021-09-06 01:17:19,920 INFO c.s.l.d.p.Threads [Thread8] Thread8-s started... 

2021-09-06 01:17:19,920 INFO c.s.l.d.p.Threads [Thread6] Thread6-s started... 

2021-09-06 01:17:19,919 INFO c.s.l.d.p.Threads [Thread4] Thread4-s started... 

2021-09-06 01:17:19,920 INFO c.s.l.d.p.Threads [Thread5] Thread5-s started... 

2021-09-06 01:17:19,921 INFO c.s.l.d.p.Threads [Thread7] Thread7-s started... 

2021-09-06 01:17:19,921 INFO c.s.l.d.p.Threads [Thread1] Thread1-s started... 

2021-09-06 01:17:19,934 INFO c.s.l.d.p.ConnectionPool [Thread9] Driver add successfully
2021-09-06 01:17:19,934 INFO c.s.l.d.p.ConnectionPool [Thread9] TimeOut
2021-09-06 01:17:21,935 INFO c.s.l.d.p.ConnectionPool [Thread3] TimeOut
2021-09-06 01:17:21,935 INFO c.s.l.d.p.Threads [Thread9] Thread9-s fiished... 

2021-09-06 01:17:23,935 INFO c.s.l.d.p.Threads [Thread3] Thread3-s fiished... 

2021-09-06 01:17:23,935 INFO c.s.l.d.p.ConnectionPool [Thread6] TimeOut
2021-09-06 01:17:25,936 INFO c.s.l.d.p.Threads [Thread6] Thread6-s fiished... 

2021-09-06 01:17:25,936 INFO c.s.l.d.p.ConnectionPool [Thread8] TimeOut
2021-09-06 01:17:27,937 INFO c.s.l.d.p.ConnectionPool [Thread4] TimeOut
2021-09-06 01:17:27,937 INFO c.s.l.d.p.Threads [Thread8] Thread8-s fiished... 

2021-09-06 01:17:29,937 INFO c.s.l.d.p.Threads [Thread4] Thread4-s fiished... 

2021-09-06 01:17:29,937 INFO c.s.l.d.p.ConnectionPool [Thread5] TimeOut
2021-09-06 01:17:32,938 INFO c.s.l.d.p.Threads [Thread5] Thread5-s fiished... 

2021-09-06 01:17:32,938 INFO c.s.l.d.p.ConnectionPool [Thread2] TimeOut
2021-09-06 01:17:35,938 INFO c.s.l.d.p.ConnectionPool [Thread1] TimeOut
2021-09-06 01:17:35,938 INFO c.s.l.d.p.Threads [Thread2] Thread2-s fiished... 

2021-09-06 01:17:38,939 INFO c.s.l.d.p.Threads [Thread1] Thread1-s fiished... 

2021-09-06 01:17:38,939 INFO c.s.l.d.p.ConnectionPool [Thread7] TimeOut
2021-09-06 01:17:41,939 INFO c.s.l.d.p.Threads [Thread7] Thread7-s fiished... 

2021-09-06 01:28:09,707 INFO c.s.l.Main [main] url = jdbc:mysql://localhost/store?serverTimezone=Europe/Moscow&useSSL=false
2021-09-06 01:28:09,714 INFO c.s.l.Main [main] username = root
2021-09-06 01:28:09,715 INFO c.s.l.Main [main] password = Q123
2021-09-06 01:40:13,341 INFO c.s.l.Main [main] url = jdbc:mysql://localhost/test?
2021-09-06 01:40:13,345 INFO c.s.l.Main [main] username = root
2021-09-06 01:40:13,346 INFO c.s.l.Main [main] password = Q123
2021-09-06 02:04:22,629 INFO c.s.l.Main [main] url = jdbc:mysql://localhost/test?
2021-09-06 02:04:22,634 INFO c.s.l.Main [main] username = root
2021-09-06 02:04:22,635 INFO c.s.l.Main [main] password = root
2021-09-06 02:04:50,693 INFO c.s.l.Main [main] url = jdbc:mysql://localhost/ITCompany?
2021-09-06 02:04:50,696 INFO c.s.l.Main [main] username = root
2021-09-06 02:04:50,697 INFO c.s.l.Main [main] password = root
